23:50:57.183 [restartedMain] INFO  c.s.app.AppApplication - Starting AppApplication using Java 1.8.0_322 on LAPTOP-5HD6C1CU with PID 20240 (E:\SPA\Fake-tinder\target\classes started by Hargun Singh Bajwa in E:\SPA\Fake-tinder)
23:50:57.187 [restartedMain] INFO  c.s.app.AppApplication - No active profile set, falling back to default profiles: default
23:50:57.258 [restartedMain] INFO  o.s.b.d.restart.ChangeableUrls - The Class-Path manifest attribute in C:\Users\Hargun Singh Bajwa\.m2\repository\io\grpc\grpc-netty-shaded\1.39.0\grpc-netty-shaded-1.39.0.jar referenced one or more files that do not exist: file:/C:/Users/Hargun%20Singh%20Bajwa/.m2/repository/io/grpc/grpc-netty-shaded/1.39.0/grpc-core-1.39.0.jar,file:/C:/Users/Hargun%20Singh%20Bajwa/.m2/repository/io/grpc/grpc-netty-shaded/1.39.0/grpc-api-1.39.0.jar,file:/C:/Users/Hargun%20Singh%20Bajwa/.m2/repository/io/grpc/grpc-netty-shaded/1.39.0/guava-30.1-android.jar,file:/C:/Users/Hargun%20Singh%20Bajwa/.m2/repository/io/grpc/grpc-netty-shaded/1.39.0/error_prone_annotations-2.4.0.jar,file:/C:/Users/Hargun%20Singh%20Bajwa/.m2/repository/io/grpc/grpc-netty-shaded/1.39.0/perfmark-api-0.23.0.jar,file:/C:/Users/Hargun%20Singh%20Bajwa/.m2/repository/io/grpc/grpc-netty-shaded/1.39.0/failureaccess-1.0.1.jar,file:/C:/Users/Hargun%20Singh%20Bajwa/.m2/repository/io/grpc/grpc-netty-shaded/1.39.0/listenablefuture-9999.0-empty-to-avoid-conflict-with-guava.jar,file:/C:/Users/Hargun%20Singh%20Bajwa/.m2/repository/io/grpc/grpc-netty-shaded/1.39.0/jsr305-3.0.2.jar,file:/C:/Users/Hargun%20Singh%20Bajwa/.m2/repository/io/grpc/grpc-netty-shaded/1.39.0/checker-compat-qual-2.5.5.jar,file:/C:/Users/Hargun%20Singh%20Bajwa/.m2/repository/io/grpc/grpc-netty-shaded/1.39.0/j2objc-annotations-1.3.jar,file:/C:/Users/Hargun%20Singh%20Bajwa/.m2/repository/io/grpc/grpc-netty-shaded/1.39.0/gson-2.8.6.jar,file:/C:/Users/Hargun%20Singh%20Bajwa/.m2/repository/io/grpc/grpc-netty-shaded/1.39.0/annotations-4.1.1.4.jar,file:/C:/Users/Hargun%20Singh%20Bajwa/.m2/repository/io/grpc/grpc-netty-shaded/1.39.0/animal-sniffer-annotations-1.19.jar,file:/C:/Users/Hargun%20Singh%20Bajwa/.m2/repository/io/grpc/grpc-netty-shaded/1.39.0/grpc-context-1.39.0.jar
23:50:57.264 [restartedMain] INFO  o.s.b.d.restart.ChangeableUrls - The Class-Path manifest attribute in C:\Users\Hargun Singh Bajwa\.m2\repository\io\grpc\grpc-alts\1.39.0\grpc-alts-1.39.0.jar referenced one or more files that do not exist: file:/C:/Users/Hargun%20Singh%20Bajwa/.m2/repository/io/grpc/grpc-alts/1.39.0/grpc-auth-1.39.0.jar,file:/C:/Users/Hargun%20Singh%20Bajwa/.m2/repository/io/grpc/grpc-alts/1.39.0/grpc-grpclb-1.39.0.jar,file:/C:/Users/Hargun%20Singh%20Bajwa/.m2/repository/io/grpc/grpc-alts/1.39.0/grpc-protobuf-1.39.0.jar,file:/C:/Users/Hargun%20Singh%20Bajwa/.m2/repository/io/grpc/grpc-alts/1.39.0/grpc-stub-1.39.0.jar,file:/C:/Users/Hargun%20Singh%20Bajwa/.m2/repository/io/grpc/grpc-alts/1.39.0/protobuf-java-util-3.17.2.jar,file:/C:/Users/Hargun%20Singh%20Bajwa/.m2/repository/io/grpc/grpc-alts/1.39.0/proto-google-common-protos-2.0.1.jar,file:/C:/Users/Hargun%20Singh%20Bajwa/.m2/repository/io/grpc/grpc-alts/1.39.0/protobuf-java-3.17.2.jar,file:/C:/Users/Hargun%20Singh%20Bajwa/.m2/repository/io/grpc/grpc-alts/1.39.0/conscrypt-openjdk-uber-2.5.1.jar,file:/C:/Users/Hargun%20Singh%20Bajwa/.m2/repository/io/grpc/grpc-alts/1.39.0/google-auth-library-oauth2-http-0.22.2.jar,file:/C:/Users/Hargun%20Singh%20Bajwa/.m2/repository/io/grpc/grpc-alts/1.39.0/grpc-netty-shaded-1.39.0.jar,file:/C:/Users/Hargun%20Singh%20Bajwa/.m2/repository/io/grpc/grpc-alts/1.39.0/grpc-core-1.39.0.jar,file:/C:/Users/Hargun%20Singh%20Bajwa/.m2/repository/io/grpc/grpc-alts/1.39.0/grpc-protobuf-lite-1.39.0.jar,file:/C:/Users/Hargun%20Singh%20Bajwa/.m2/repository/io/grpc/grpc-alts/1.39.0/grpc-api-1.39.0.jar,file:/C:/Users/Hargun%20Singh%20Bajwa/.m2/repository/io/grpc/grpc-alts/1.39.0/google-http-client-jackson2-1.38.0.jar,file:/C:/Users/Hargun%20Singh%20Bajwa/.m2/repository/io/grpc/grpc-alts/1.39.0/google-http-client-1.38.0.jar,file:/C:/Users/Hargun%20Singh%20Bajwa/.m2/repository/io/grpc/grpc-alts/1.39.0/opencensus-contrib-http-util-0.24.0.jar,file:/C:/Users/Hargun%20Singh%20Bajwa/.m2/repository/io/grpc/grpc-alts/1.39.0/guava-30.1-android.jar,file:/C:/Users/Hargun%20Singh%20Bajwa/.m2/repository/io/grpc/grpc-alts/1.39.0/google-auth-library-credentials-0.22.2.jar,file:/C:/Users/Hargun%20Singh%20Bajwa/.m2/repository/io/grpc/grpc-alts/1.39.0/error_prone_annotations-2.4.0.jar,file:/C:/Users/Hargun%20Singh%20Bajwa/.m2/repository/io/grpc/grpc-alts/1.39.0/jsr305-3.0.2.jar,file:/C:/Users/Hargun%20Singh%20Bajwa/.m2/repository/io/grpc/grpc-alts/1.39.0/failureaccess-1.0.1.jar,file:/C:/Users/Hargun%20Singh%20Bajwa/.m2/repository/io/grpc/grpc-alts/1.39.0/listenablefuture-9999.0-empty-to-avoid-conflict-with-guava.jar,file:/C:/Users/Hargun%20Singh%20Bajwa/.m2/repository/io/grpc/grpc-alts/1.39.0/checker-compat-qual-2.5.5.jar,file:/C:/Users/Hargun%20Singh%20Bajwa/.m2/repository/io/grpc/grpc-alts/1.39.0/j2objc-annotations-1.3.jar,file:/C:/Users/Hargun%20Singh%20Bajwa/.m2/repository/io/grpc/grpc-alts/1.39.0/auto-value-annotations-1.7.4.jar,file:/C:/Users/Hargun%20Singh%20Bajwa/.m2/repository/io/grpc/grpc-alts/1.39.0/perfmark-api-0.23.0.jar,file:/C:/Users/Hargun%20Singh%20Bajwa/.m2/repository/io/grpc/grpc-alts/1.39.0/opencensus-api-0.24.0.jar,file:/C:/Users/Hargun%20Singh%20Bajwa/.m2/repository/io/grpc/grpc-alts/1.39.0/grpc-context-1.39.0.jar,file:/C:/Users/Hargun%20Singh%20Bajwa/.m2/repository/io/grpc/grpc-alts/1.39.0/gson-2.8.6.jar,file:/C:/Users/Hargun%20Singh%20Bajwa/.m2/repository/io/grpc/grpc-alts/1.39.0/annotations-4.1.1.4.jar,file:/C:/Users/Hargun%20Singh%20Bajwa/.m2/repository/io/grpc/grpc-alts/1.39.0/animal-sniffer-annotations-1.19.jar,file:/C:/Users/Hargun%20Singh%20Bajwa/.m2/repository/io/grpc/grpc-alts/1.39.0/httpclient-4.5.13.jar,file:/C:/Users/Hargun%20Singh%20Bajwa/.m2/repository/io/grpc/grpc-alts/1.39.0/httpcore-4.4.13.jar,file:/C:/Users/Hargun%20Singh%20Bajwa/.m2/repository/io/grpc/grpc-alts/1.39.0/jackson-core-2.11.3.jar,file:/C:/Users/Hargun%20Singh%20Bajwa/.m2/repository/io/grpc/grpc-alts/1.39.0/commons-logging-1.2.jar,file:/C:/Users/Hargun%20Singh%20Bajwa/.m2/repository/io/grpc/grpc-alts/1.39.0/commons-codec-1.11.jar
23:50:57.264 [restartedMain] INFO  o.s.b.d.e.DevToolsPropertyDefaultsPostProcessor - Devtools property defaults active! Set 'spring.devtools.add-properties' to 'false' to disable
23:50:57.265 [restartedMain] INFO  o.s.b.d.e.DevToolsPropertyDefaultsPostProcessor - For additional web related logging consider setting the 'logging.level.web' property to 'DEBUG'
23:50:59.700 [restartedMain] INFO  o.s.b.w.e.tomcat.TomcatWebServer - Tomcat initialized with port(s): 8080 (http)
23:50:59.702 [restartedMain] INFO  o.a.coyote.http11.Http11NioProtocol - Initializing ProtocolHandler ["http-nio-8080"]
23:50:59.702 [restartedMain] INFO  o.a.catalina.core.StandardService - Starting service [Tomcat]
23:50:59.712 [restartedMain] INFO  o.a.catalina.core.StandardEngine - Starting Servlet engine: [Apache Tomcat/9.0.56]
23:50:59.838 [restartedMain] INFO  o.a.c.c.C.[Tomcat].[localhost].[/] - Initializing Spring embedded WebApplicationContext
23:50:59.838 [restartedMain] INFO  o.s.b.w.s.c.ServletWebServerApplicationContext - Root WebApplicationContext: initialization completed in 2573 ms
23:51:00.885 [restartedMain] INFO  s.d.s.w.PropertySourcedRequestMappingHandlerMapping - Mapped URL path [/v2/api-docs] onto method [springfox.documentation.swagger2.web.Swagger2Controller#getDocumentation(String, HttpServletRequest)]
23:51:01.172 [restartedMain] INFO  o.s.s.web.DefaultSecurityFilterChain - Will secure any request with [org.springframework.security.web.context.request.async.WebAsyncManagerIntegrationFilter@78156c30, org.springframework.security.web.context.SecurityContextPersistenceFilter@59f45012, org.springframework.security.web.header.HeaderWriterFilter@35ac11d7, org.springframework.web.filter.CorsFilter@7328bcb, org.springframework.security.web.authentication.logout.LogoutFilter@1582c362, com.singleparentlife.app.config.security.SecurityFilter@991c778, org.springframework.security.web.savedrequest.RequestCacheAwareFilter@410764b0, org.springframework.security.web.servletapi.SecurityContextHolderAwareRequestFilter@301af67d, org.springframework.security.web.authentication.AnonymousAuthenticationFilter@78d4ec20, org.springframework.security.web.session.SessionManagementFilter@a8c8f96, org.springframework.security.web.access.ExceptionTranslationFilter@58de2239, org.springframework.security.web.access.intercept.FilterSecurityInterceptor@35b160c2]
23:51:01.306 [restartedMain] INFO  o.s.b.d.a.OptionalLiveReloadServer - LiveReload server is running on port 35729
23:51:01.501 [restartedMain] INFO  com.zaxxer.hikari.HikariDataSource - HikariPool-1 - Starting...
23:51:02.009 [restartedMain] INFO  com.zaxxer.hikari.HikariDataSource - HikariPool-1 - Start completed.
23:51:02.703 [restartedMain] INFO  o.a.coyote.http11.Http11NioProtocol - Starting ProtocolHandler ["http-nio-8080"]
23:51:02.731 [restartedMain] INFO  o.s.b.w.e.tomcat.TomcatWebServer - Tomcat started on port(s): 8080 (http) with context path ''
23:51:02.733 [restartedMain] INFO  s.d.s.w.p.DocumentationPluginsBootstrapper - Context refreshed
23:51:02.751 [restartedMain] INFO  s.d.s.w.p.DocumentationPluginsBootstrapper - Found 1 custom documentation plugin(s)
23:51:02.836 [restartedMain] INFO  s.d.s.w.s.ApiListingReferenceScanner - Scanning for api listing references
23:51:03.166 [restartedMain] INFO  s.d.s.w.r.o.CachingOperationNameGenerator - Generating unique operation named: deleteReportedUserUsingDELETE_1
23:51:03.167 [restartedMain] INFO  s.d.s.w.r.o.CachingOperationNameGenerator - Generating unique operation named: getReportedUserUsingGET_1
23:51:03.212 [restartedMain] INFO  c.s.app.AppApplication - Started AppApplication in 6.59 seconds (JVM running for 7.734)
23:51:53.384 [http-nio-8080-exec-3] INFO  o.a.c.c.C.[Tomcat].[localhost].[/] - Initializing Spring DispatcherServlet 'dispatcherServlet'
23:51:53.384 [http-nio-8080-exec-3] INFO  o.s.web.servlet.DispatcherServlet - Initializing Servlet 'dispatcherServlet'
23:51:53.386 [http-nio-8080-exec-3] INFO  o.s.web.servlet.DispatcherServlet - Completed initialization in 2 ms
23:51:53.953 [http-nio-8080-exec-4] INFO  c.s.a.config.security.SecurityFilter - User enter: k5C0dhk4cYfs45nJVXct345PuxM2
23:51:53.953 [http-nio-8080-exec-5] INFO  c.s.a.config.security.SecurityFilter - User enter: k5C0dhk4cYfs45nJVXct345PuxM2
23:51:54.113 [http-nio-8080-exec-4] ERROR c.s.a.service.RecommendationService - Profile not found: null
23:51:54.311 [http-nio-8080-exec-6] INFO  c.s.a.config.security.SecurityFilter - User enter: k5C0dhk4cYfs45nJVXct345PuxM2
23:52:23.218 [http-nio-8080-exec-8] INFO  c.s.a.config.security.SecurityFilter - User enter: k5C0dhk4cYfs45nJVXct345PuxM2
23:52:23.375 [http-nio-8080-exec-8] INFO  c.s.app.service.UserService - New user registered: k5C0dhk4cYfs45nJVXct345PuxM2
23:52:23.377 [http-nio-8080-exec-8] INFO  c.s.app.service.UserService - New device registered with user 13: 11
23:52:23.398 [http-nio-8080-exec-9] INFO  c.s.a.config.security.SecurityFilter - User enter: k5C0dhk4cYfs45nJVXct345PuxM2
23:52:24.200 [http-nio-8080-exec-9] INFO  c.s.app.service.LocationService - New location saved: {country: Canada, province: Alberta, city: Calgary, street: Nolan Hill Boulevard NW, postcode: T3R 0T3}
23:52:24.208 [http-nio-8080-exec-9] INFO  c.s.app.service.UserService - User updated: 13
23:52:24.223 [http-nio-8080-exec-9] INFO  c.s.app.service.ProfileService - Profile is saved
23:52:30.249 [http-nio-8080-exec-2] INFO  c.s.a.config.security.SecurityFilter - User enter: k5C0dhk4cYfs45nJVXct345PuxM2
23:52:32.138 [http-nio-8080-exec-1] INFO  c.s.a.config.security.SecurityFilter - User enter: k5C0dhk4cYfs45nJVXct345PuxM2
23:52:32.138 [http-nio-8080-exec-3] INFO  c.s.a.config.security.SecurityFilter - User enter: k5C0dhk4cYfs45nJVXct345PuxM2
23:52:32.174 [http-nio-8080-exec-5] INFO  c.s.a.config.security.SecurityFilter - User enter: k5C0dhk4cYfs45nJVXct345PuxM2
23:52:32.221 [http-nio-8080-exec-4] INFO  c.s.a.config.security.SecurityFilter - User enter: k5C0dhk4cYfs45nJVXct345PuxM2
23:52:32.225 [http-nio-8080-exec-5] INFO  c.s.a.config.security.SecurityFilter - User enter: k5C0dhk4cYfs45nJVXct345PuxM2
23:52:32.221 [http-nio-8080-exec-10] INFO  c.s.a.config.security.SecurityFilter - User enter: k5C0dhk4cYfs45nJVXct345PuxM2
23:52:32.231 [http-nio-8080-exec-7] INFO  c.s.a.config.security.SecurityFilter - User enter: k5C0dhk4cYfs45nJVXct345PuxM2
23:52:32.233 [http-nio-8080-exec-9] INFO  c.s.a.config.security.SecurityFilter - User enter: k5C0dhk4cYfs45nJVXct345PuxM2
23:52:32.249 [http-nio-8080-exec-8] INFO  c.s.a.config.security.SecurityFilter - User enter: k5C0dhk4cYfs45nJVXct345PuxM2
23:52:32.256 [http-nio-8080-exec-1] INFO  c.s.a.config.security.SecurityFilter - User enter: k5C0dhk4cYfs45nJVXct345PuxM2
23:52:32.258 [http-nio-8080-exec-5] INFO  c.s.a.config.security.SecurityFilter - User enter: k5C0dhk4cYfs45nJVXct345PuxM2
23:52:32.262 [http-nio-8080-exec-4] INFO  c.s.a.config.security.SecurityFilter - User enter: k5C0dhk4cYfs45nJVXct345PuxM2
23:52:32.276 [http-nio-8080-exec-7] INFO  c.s.a.config.security.SecurityFilter - User enter: k5C0dhk4cYfs45nJVXct345PuxM2
23:52:32.284 [http-nio-8080-exec-2] INFO  c.s.a.config.security.SecurityFilter - User enter: k5C0dhk4cYfs45nJVXct345PuxM2
23:52:32.292 [http-nio-8080-exec-10] INFO  c.s.a.config.security.SecurityFilter - User enter: k5C0dhk4cYfs45nJVXct345PuxM2
23:52:32.296 [http-nio-8080-exec-1] INFO  c.s.a.config.security.SecurityFilter - User enter: k5C0dhk4cYfs45nJVXct345PuxM2
23:52:32.296 [http-nio-8080-exec-5] INFO  c.s.a.config.security.SecurityFilter - User enter: k5C0dhk4cYfs45nJVXct345PuxM2
23:52:32.315 [http-nio-8080-exec-7] INFO  c.s.a.config.security.SecurityFilter - User enter: k5C0dhk4cYfs45nJVXct345PuxM2
23:52:32.315 [http-nio-8080-exec-4] INFO  c.s.a.config.security.SecurityFilter - User enter: k5C0dhk4cYfs45nJVXct345PuxM2
23:52:39.946 [http-nio-8080-exec-4] INFO  c.s.a.config.security.SecurityFilter - User enter: k5C0dhk4cYfs45nJVXct345PuxM2
23:52:39.968 [http-nio-8080-exec-4] INFO  c.s.app.service.MatchService - Created a match: 13 -> 2
23:52:41.143 [http-nio-8080-exec-7] INFO  c.s.a.config.security.SecurityFilter - User enter: k5C0dhk4cYfs45nJVXct345PuxM2
23:52:41.179 [http-nio-8080-exec-7] INFO  c.s.app.service.MatchService - Created a match: 13 -> 1
23:52:42.089 [http-nio-8080-exec-6] INFO  c.s.a.config.security.SecurityFilter - User enter: k5C0dhk4cYfs45nJVXct345PuxM2
23:52:42.126 [http-nio-8080-exec-6] INFO  c.s.app.service.MatchService - Created a match: 13 -> 4
23:52:43.178 [http-nio-8080-exec-1] INFO  c.s.a.config.security.SecurityFilter - User enter: k5C0dhk4cYfs45nJVXct345PuxM2
23:52:43.202 [http-nio-8080-exec-1] INFO  c.s.app.service.MatchService - Created a match: 13 -> 9
23:52:44.080 [http-nio-8080-exec-10] INFO  c.s.a.config.security.SecurityFilter - User enter: k5C0dhk4cYfs45nJVXct345PuxM2
23:52:44.101 [http-nio-8080-exec-10] INFO  c.s.app.service.MatchService - Created a match: 13 -> 8
23:52:45.315 [http-nio-8080-exec-2] INFO  c.s.a.config.security.SecurityFilter - User enter: k5C0dhk4cYfs45nJVXct345PuxM2
23:52:45.332 [http-nio-8080-exec-2] INFO  c.s.app.service.MatchService - Created a match: 13 -> 3
23:53:04.145 [http-nio-8080-exec-5] INFO  c.s.a.config.security.SecurityFilter - User enter: k5C0dhk4cYfs45nJVXct345PuxM2
23:53:09.829 [http-nio-8080-exec-3] INFO  c.s.a.config.security.SecurityFilter - User enter: k5C0dhk4cYfs45nJVXct345PuxM2
23:53:39.617 [http-nio-8080-exec-4] INFO  c.s.a.config.security.SecurityFilter - User enter: k5C0dhk4cYfs45nJVXct345PuxM2
23:54:14.524 [http-nio-8080-exec-7] INFO  c.s.a.config.security.SecurityFilter - User enter: k5C0dhk4cYfs45nJVXct345PuxM2
23:54:21.447 [http-nio-8080-exec-6] INFO  c.s.a.config.security.SecurityFilter - User enter: k5C0dhk4cYfs45nJVXct345PuxM2
23:54:28.793 [http-nio-8080-exec-1] INFO  c.s.a.config.security.SecurityFilter - User enter: k5C0dhk4cYfs45nJVXct345PuxM2
23:54:45.048 [http-nio-8080-exec-10] INFO  c.s.a.config.security.SecurityFilter - User enter: k5C0dhk4cYfs45nJVXct345PuxM2
